c:\dev\battlecity\battlecity\githubrelease\server\release\vc141.pdb
c:\dev\battlecity\battlecity\githubrelease\server\release\structs.obj
c:\dev\battlecity\battlecity\githubrelease\server\release\csqlite3.obj
c:\dev\battlecity\battlecity\githubrelease\server\release\main.obj
c:\dev\battlecity\battlecity\githubrelease\server\release\ctimer.obj
c:\dev\battlecity\battlecity\githubrelease\server\release\csocket.obj
c:\dev\battlecity\battlecity\githubrelease\server\release\cserver.obj
c:\dev\battlecity\battlecity\githubrelease\server\release\csend.obj
c:\dev\battlecity\battlecity\githubrelease\server\release\cprocess.obj
c:\dev\battlecity\battlecity\githubrelease\server\release\cplayer.obj
c:\dev\battlecity\battlecity\githubrelease\server\release\cmap.obj
c:\dev\battlecity\battlecity\githubrelease\server\release\clog.obj
c:\dev\battlecity\battlecity\githubrelease\server\release\citem.obj
c:\dev\battlecity\battlecity\githubrelease\server\release\cemail.obj
c:\dev\battlecity\battlecity\githubrelease\server\release\cdatabase.obj
c:\dev\battlecity\battlecity\githubrelease\server\release\ccollision.obj
c:\dev\battlecity\battlecity\githubrelease\server\release\ccity.obj
c:\dev\battlecity\battlecity\githubrelease\server\release\cbullet.obj
c:\dev\battlecity\battlecity\githubrelease\server\release\cbuilding.obj
c:\dev\battlecity\battlecity\githubrelease\server\release\caccount.obj
c:\dev\battlecity\battlecity\githubrelease\server\release\bcserver.exe
c:\dev\battlecity\battlecity\githubrelease\server\release\battleci.89681387.tlog\cl.command.1.tlog
c:\dev\battlecity\battlecity\githubrelease\server\release\battleci.89681387.tlog\cl.read.1.tlog
c:\dev\battlecity\battlecity\githubrelease\server\release\battleci.89681387.tlog\cl.write.1.tlog
c:\dev\battlecity\battlecity\githubrelease\server\release\battleci.89681387.tlog\link.command.1.tlog
c:\dev\battlecity\battlecity\githubrelease\server\release\battleci.89681387.tlog\link.read.1.tlog
c:\dev\battlecity\battlecity\githubrelease\server\release\battleci.89681387.tlog\link.write.1.tlog
