c:\dev\battlecity\battlecity\githubrelease\server\debug\vc141.pdb
c:\dev\battlecity\battlecity\githubrelease\server\debug\vc141.idb
c:\dev\battlecity\battlecity\githubrelease\server\debug\caccount.obj
c:\dev\battlecity\battlecity\githubrelease\server\debug\cbuilding.obj
c:\dev\battlecity\battlecity\githubrelease\server\debug\cbullet.obj
c:\dev\battlecity\battlecity\githubrelease\server\debug\ccity.obj
c:\dev\battlecity\battlecity\githubrelease\server\debug\ccollision.obj
c:\dev\battlecity\battlecity\githubrelease\server\debug\cdatabase.obj
c:\dev\battlecity\battlecity\githubrelease\server\debug\cemail.obj
c:\dev\battlecity\battlecity\githubrelease\server\debug\citem.obj
c:\dev\battlecity\battlecity\githubrelease\server\debug\clog.obj
c:\dev\battlecity\battlecity\githubrelease\server\debug\cmap.obj
c:\dev\battlecity\battlecity\githubrelease\server\debug\cplayer.obj
c:\dev\battlecity\battlecity\githubrelease\server\debug\cprocess.obj
c:\dev\battlecity\battlecity\githubrelease\server\debug\csend.obj
c:\dev\battlecity\battlecity\githubrelease\server\debug\cserver.obj
c:\dev\battlecity\battlecity\githubrelease\server\debug\csocket.obj
c:\dev\battlecity\battlecity\githubrelease\server\debug\csqlite3.obj
c:\dev\battlecity\battlecity\githubrelease\server\debug\ctimer.obj
c:\dev\battlecity\battlecity\githubrelease\server\debug\main.obj
c:\dev\battlecity\battlecity\githubrelease\server\debug\structs.obj
c:\dev\battlecity\battlecity\githubrelease\server\debug\bcserver.ilk
c:\dev\battlecity\battlecity\githubrelease\server\debug\bcserver.exe
c:\dev\battlecity\battlecity\githubrelease\server\debug\updater.pdb
c:\dev\battlecity\battlecity\githubrelease\server\debug\battleci.89681387.tlog\cl.command.1.tlog
c:\dev\battlecity\battlecity\githubrelease\server\debug\battleci.89681387.tlog\cl.read.1.tlog
c:\dev\battlecity\battlecity\githubrelease\server\debug\battleci.89681387.tlog\cl.write.1.tlog
c:\dev\battlecity\battlecity\githubrelease\server\debug\battleci.89681387.tlog\link.command.1.tlog
c:\dev\battlecity\battlecity\githubrelease\server\debug\battleci.89681387.tlog\link.read.1.tlog
c:\dev\battlecity\battlecity\githubrelease\server\debug\battleci.89681387.tlog\link.write.1.tlog
