c:\dev\battlecity\battlecity\githubrelease\client\release\vc141.pdb
c:\dev\battlecity\battlecity\githubrelease\client\release\structs.obj
c:\dev\battlecity\battlecity\githubrelease\client\release\sha1.obj
c:\dev\battlecity\battlecity\githubrelease\client\release\ddutil.obj
c:\dev\battlecity\battlecity\githubrelease\client\release\cnew.obj
c:\dev\battlecity\battlecity\githubrelease\client\release\cmeeting.obj
c:\dev\battlecity\battlecity\githubrelease\client\release\cmap.obj
c:\dev\battlecity\battlecity\githubrelease\client\release\cmanage.obj
c:\dev\battlecity\battlecity\githubrelease\client\release\clogin.obj
c:\dev\battlecity\battlecity\githubrelease\client\release\citem.obj
c:\dev\battlecity\battlecity\githubrelease\client\release\cinterview.obj
c:\dev\battlecity\battlecity\githubrelease\client\release\cinput.obj
c:\dev\battlecity\battlecity\githubrelease\client\release\cingame.obj
c:\dev\battlecity\battlecity\githubrelease\client\release\cgame.obj
c:\dev\battlecity\battlecity\githubrelease\client\release\cexplode.obj
c:\dev\battlecity\battlecity\githubrelease\client\release\cengine.obj
c:\dev\battlecity\battlecity\githubrelease\client\release\cdrawing.obj
c:\dev\battlecity\battlecity\githubrelease\client\release\cdialog.obj
c:\dev\battlecity\battlecity\githubrelease\client\release\cddraw.obj
c:\dev\battlecity\battlecity\githubrelease\client\release\ccollision.obj
c:\dev\battlecity\battlecity\githubrelease\client\release\cbullet.obj
c:\dev\battlecity\battlecity\githubrelease\client\release\cbuilding.obj
c:\dev\battlecity\battlecity\githubrelease\client\release\cadminedit.obj
c:\dev\battlecity\battlecity\githubrelease\client\release\cadmin.obj
c:\dev\battlecity\battlecity\githubrelease\client\release\main.obj
c:\dev\battlecity\battlecity\githubrelease\client\release\cwinsock.obj
c:\dev\battlecity\battlecity\githubrelease\client\release\ctimer.obj
c:\dev\battlecity\battlecity\githubrelease\client\release\csound.obj
c:\dev\battlecity\battlecity\githubrelease\client\release\csend.obj
c:\dev\battlecity\battlecity\githubrelease\client\release\crecover.obj
c:\dev\battlecity\battlecity\githubrelease\client\release\cprocess.obj
c:\dev\battlecity\battlecity\githubrelease\client\release\cplayer.obj
c:\dev\battlecity\battlecity\githubrelease\client\release\cpersonnel.obj
c:\dev\battlecity\battlecity\githubrelease\client\release\cpersonality.obj
c:\dev\battlecity\battlecity\githubrelease\client\release\coptions.obj
c:\dev\battlecity\battlecity\githubrelease\client\release\bc.exe
c:\dev\battlecity\battlecity\githubrelease\client\release\bc.pdb
c:\dev\battlecity\battlecity\githubrelease\client\release\battlecityclient.res
c:\dev\battlecity\battlecity\githubrelease\client\release\battlecity.tlog\cl.command.1.tlog
c:\dev\battlecity\battlecity\githubrelease\client\release\battlecity.tlog\cl.read.1.tlog
c:\dev\battlecity\battlecity\githubrelease\client\release\battlecity.tlog\cl.write.1.tlog
c:\dev\battlecity\battlecity\githubrelease\client\release\battlecity.tlog\link.command.1.tlog
c:\dev\battlecity\battlecity\githubrelease\client\release\battlecity.tlog\link.read.1.tlog
c:\dev\battlecity\battlecity\githubrelease\client\release\battlecity.tlog\link.write.1.tlog
c:\dev\battlecity\battlecity\githubrelease\client\release\battlecity.tlog\rc.command.1.tlog
c:\dev\battlecity\battlecity\githubrelease\client\release\battlecity.tlog\rc.read.1.tlog
c:\dev\battlecity\battlecity\githubrelease\client\release\battlecity.tlog\rc.write.1.tlog
